Arguments: 
  C:\Program Files\nodejs\node.exe C:\Users\admin\.node\corepack\yarn\1.22.15\bin\yarn.js add supertest

PATH: 
  C:\Program Files (x86)\VMware\VMware Player\bin\;C:\Program Files\nodejs;C:\Program Files\MySQL\MySQL Shell 8.0\bin\;C:\Program Files\Java\jdk1.8.0_202\bin;C:\Program Files\JetBrains\IntelliJ IDEA Community Edition 2022.3.2\bin;;C:\Users\admin\AppData\Local\Programs\Microsoft VS Code\bin

Yarn version: 
  1.22.15

Node version: 
  16.13.2

Platform: 
  win32 x64

Trace: 
  Error: getaddrinfo ENOTFOUND registry.yarnpkg.com
      at GetAddrInfoReqWrap.onlookup [as oncomplete] (node:dns:71:26)

npm manifest: 
  {
    "name": "01-middlewares",
    "version": "1.0.0",
    "description": "",
    "main": "index.js",
    "scripts": {
      "test": "echo \"Error: no test specified\" && exit 1"
    },
    "keywords": [],
    "author": "",
    "license": "ISC",
    "dependencies": {
      "express": "^4.18.2",
      "jest": "^29.7.0",
      "supertest": "^6.3.3"
    },
    "devDependencies": {
      "@babel/plugin-transform-modules-commonjs": "^7.23.3",
      "eslint-plugin-jest": "^27.6.0",
      "ts-node": "^10.9.2"
    }
  }

yarn manifest: 
  No manifest

Lockfile: 
  No lockfile
